# JRE version: Java(TM) SE Runtime Environment (8.0_66-b17) (build 1.8.0_66-b17)
# Java VM: Java HotSpot(TM) 64-Bit Server VM (25.66-b17 mixed mode bsd-amd64 compressed oops)
Heap:
 PSYoungGen      total 667136K, used 188813K [0x0000000795580000, 0x00000007bff00000, 0x00000007c0000000)
  eden space 637440K, 26% used [0x0000000795580000,0x000000079f984630,0x00000007bc400000)
  from space 29696K, 70% used [0x00000007be200000,0x00000007bf65f060,0x00000007bff00000)
  to   space 30208K, 0% used [0x00000007bc400000,0x00000007bc400000,0x00000007be180000)
 ParOldGen       total 118784K, used 22183K [0x0000000740000000, 0x0000000747400000, 0x0000000795580000)
  object space 118784K, 18% used [0x0000000740000000,0x00000007415a9e90,0x0000000747400000)
 Metaspace       used 18175K, capacity 18844K, committed 18944K, reserved 1064960K
  class space    used 2351K, capacity 2555K, committed 2560K, reserved 1048576K
GC Heap History (10 events):
Event: 18.128 GC heap before
{Heap before GC invocations=18 (full 3):
 PSYoungGen      total 664064K, used 13692K [0x0000000795580000, 0x00000007bff80000, 0x00000007c0000000)
  eden space 630784K, 0% used [0x0000000795580000,0x0000000795580000,0x00000007bbd80000)
  from space 33280K, 41% used [0x00000007bbd80000,0x00000007bcadf040,0x00000007bde00000)
  to   space 32256K, 0% used [0x00000007be000000,0x00000007be000000,0x00000007bff80000)
 ParOldGen       total 87040K, used 72575K [0x0000000740000000, 0x0000000745500000, 0x0000000795580000)
  object space 87040K, 83% used [0x0000000740000000,0x00000007446dfc08,0x0000000745500000)
 Metaspace       used 17876K, capacity 18534K, committed 18688K, reserved 1064960K
  class space    used 2333K, capacity 2522K, committed 2560K, reserved 1048576K
Event: 18.183 GC heap after
Heap after GC invocations=18 (full 3):
 PSYoungGen      total 664064K, used 0K [0x0000000795580000, 0x00000007bff80000, 0x00000007c0000000)
  eden space 630784K, 0% used [0x0000000795580000,0x0000000795580000,0x00000007bbd80000)
  from space 33280K, 0% used [0x00000007bbd80000,0x00000007bbd80000,0x00000007bde00000)
  to   space 32256K, 0% used [0x00000007be000000,0x00000007be000000,0x00000007bff80000)
 ParOldGen       total 101376K, used 21170K [0x0000000740000000, 0x0000000746300000, 0x0000000795580000)
  object space 101376K, 20% used [0x0000000740000000,0x00000007414aca30,0x0000000746300000)
 Metaspace       used 17876K, capacity 18534K, committed 18688K, reserved 1064960K
  class space    used 2333K, capacity 2522K, committed 2560K, reserved 1048576K
}
Event: 20.764 GC heap before
{Heap before GC invocations=19 (full 3):
 PSYoungGen      total 664064K, used 630754K [0x0000000795580000, 0x00000007bff80000, 0x00000007c0000000)
  eden space 630784K, 99% used [0x0000000795580000,0x00000007bbd78a88,0x00000007bbd80000)
  from space 33280K, 0% used [0x00000007bbd80000,0x00000007bbd80000,0x00000007bde00000)
  to   space 32256K, 0% used [0x00000007be000000,0x00000007be000000,0x00000007bff80000)
 ParOldGen       total 101376K, used 25670K [0x0000000740000000, 0x0000000746300000, 0x0000000795580000)
  object space 101376K, 25% used [0x0000000740000000,0x0000000741911a50,0x0000000746300000)
 Metaspace       used 17957K, capacity 18598K, committed 18688K, reserved 1064960K
  class space    used 2333K, capacity 2522K, committed 2560K, reserved 1048576K
Event: 20.779 GC heap after
Heap after GC invocations=19 (full 3):
 PSYoungGen      total 663040K, used 18160K [0x0000000795580000, 0x00000007bfd00000, 0x00000007c0000000)
  eden space 633344K, 0% used [0x0000000795580000,0x0000000795580000,0x00000007bc000000)
  from space 29696K, 61% used [0x00000007be000000,0x00000007bf1bc050,0x00000007bfd00000)
  to   space 31232K, 0% used [0x00000007bc000000,0x00000007bc000000,0x00000007bde80000)
 ParOldGen       total 101376K, used 25678K [0x0000000740000000, 0x0000000746300000, 0x0000000795580000)
  object space 101376K, 25% used [0x0000000740000000,0x0000000741913a50,0x0000000746300000)
 Metaspace       used 17957K, capacity 18598K, committed 18688K, reserved 1064960K
  class space    used 2333K, capacity 2522K, committed 2560K, reserved 1048576K
}
Event: 24.154 GC heap before
{Heap before GC invocations=20 (full 4):
 PSYoungGen      total 663040K, used 651451K [0x0000000795580000, 0x00000007bfd00000, 0x00000007c0000000)
  eden space 633344K, 99% used [0x0000000795580000,0x00000007bbff2d00,0x00000007bc000000)
  from space 29696K, 61% used [0x00000007be000000,0x00000007bf1bc050,0x00000007bfd00000)
  to   space 31232K, 0% used [0x00000007bc000000,0x00000007bc000000,0x00000007bde80000)
 ParOldGen       total 190464K, used 189479K [0x0000000740000000, 0x000000074ba00000, 0x0000000795580000)
  object space 190464K, 99% used [0x0000000740000000,0x000000074b909e40,0x000000074ba00000)
 Metaspace       used 17977K, capacity 18662K, committed 18944K, reserved 1064960K
  class space    used 2333K, capacity 2522K, committed 2560K, reserved 1048576K
Event: 24.240 GC heap after
Heap after GC invocations=20 (full 4):
 PSYoungGen      total 663040K, used 0K [0x0000000795580000, 0x00000007bfd00000, 0x00000007c0000000)
  eden space 633344K, 0% used [0x0000000795580000,0x0000000795580000,0x00000007bc000000)
  from space 29696K, 0% used [0x00000007be000000,0x00000007be000000,0x00000007bfd00000)
  to   space 31232K, 0% used [0x00000007bc000000,0x00000007bc000000,0x00000007bde80000)
 ParOldGen       total 118784K, used 22175K [0x0000000740000000, 0x0000000747400000, 0x0000000795580000)
  object space 118784K, 18% used [0x0000000740000000,0x00000007415a7e90,0x0000000747400000)
 Metaspace       used 17977K, capacity 18662K, committed 18944K, reserved 1064960K
  class space    used 2333K, capacity 2522K, committed 2560K, reserved 1048576K
}
Event: 26.272 GC heap before
{Heap before GC invocations=21 (full 4):
 PSYoungGen      total 663040K, used 631328K [0x0000000795580000, 0x00000007bfd00000, 0x00000007c0000000)
  eden space 633344K, 99% used [0x0000000795580000,0x00000007bbe08008,0x00000007bc000000)
  from space 29696K, 0% used [0x00000007be000000,0x00000007be000000,0x00000007bfd00000)
  to   space 31232K, 0% used [0x00000007bc000000,0x00000007bc000000,0x00000007bde80000)
 ParOldGen       total 118784K, used 22175K [0x0000000740000000, 0x0000000747400000, 0x0000000795580000)
  object space 118784K, 18% used [0x0000000740000000,0x00000007415a7e90,0x0000000747400000)
 Metaspace       used 18045K, capacity 18726K, committed 18944K, reserved 1064960K
  class space    used 2333K, capacity 2522K, committed 2560K, reserved 1048576K
Event: 26.280 GC heap after
Heap after GC invocations=21 (full 4):
 PSYoungGen      total 664576K, used 15460K [0x0000000795580000, 0x00000007bff80000, 0x00000007c0000000)
  eden space 633344K, 0% used [0x0000000795580000,0x0000000795580000,0x00000007bc000000)
  from space 31232K, 49% used [0x00000007bc000000,0x00000007bcf19050,0x00000007bde80000)
  to   space 30208K, 0% used [0x00000007be200000,0x00000007be200000,0x00000007bff80000)
 ParOldGen       total 118784K, used 22183K [0x0000000740000000, 0x0000000747400000, 0x0000000795580000)
  object space 118784K, 18% used [0x0000000740000000,0x00000007415a9e90,0x0000000747400000)
 Metaspace       used 18045K, capacity 18726K, committed 18944K, reserved 1064960K
  class space    used 2333K, capacity 2522K, committed 2560K, reserved 1048576K
}
Event: 28.145 GC heap before
{Heap before GC invocations=22 (full 4):
 PSYoungGen      total 664576K, used 647664K [0x0000000795580000, 0x00000007bff80000, 0x00000007c0000000)
  eden space 633344K, 99% used [0x0000000795580000,0x00000007bbee3300,0x00000007bc000000)
  from space 31232K, 49% used [0x00000007bc000000,0x00000007bcf19050,0x00000007bde80000)
  to   space 30208K, 0% used [0x00000007be200000,0x00000007be200000,0x00000007bff80000)
 ParOldGen       total 118784K, used 22183K [0x0000000740000000, 0x0000000747400000, 0x0000000795580000)
  object space 118784K, 18% used [0x0000000740000000,0x00000007415a9e90,0x0000000747400000)
 Metaspace       used 18054K, capacity 18740K, committed 18944K, reserved 1064960K
  class space    used 2334K, capacity 2523K, committed 2560K, reserved 1048576K
Event: 28.155 GC heap after
Heap after GC invocations=22 (full 4):
 PSYoungGen      total 667136K, used 20860K [0x0000000795580000, 0x00000007bff00000, 0x00000007c0000000)
  eden space 637440K, 0% used [0x0000000795580000,0x0000000795580000,0x00000007bc400000)
  from space 29696K, 70% used [0x00000007be200000,0x00000007bf65f060,0x00000007bff00000)
  to   space 30208K, 0% used [0x00000007bc400000,0x00000007bc400000,0x00000007be180000)
 ParOldGen       total 118784K, used 22183K [0x0000000740000000, 0x0000000747400000, 0x0000000795580000)
  object space 118784K, 18% used [0x0000000740000000,0x00000007415a9e90,0x0000000747400000)
 Metaspace       used 18054K, capacity 18740K, committed 18944K, reserved 1064960K
  class space    used 2334K, capacity 2523K, committed 2560K, reserved 1048576K
}

