# JRE version: Java(TM) SE Runtime Environment (8.0_66-b17) (build 1.8.0_66-b17)
# Java VM: Java HotSpot(TM) 64-Bit Server VM (25.66-b17 mixed mode bsd-amd64 compressed oops)
Heap:
 PSYoungGen      total 671232K, used 544590K [0x0000000795580000, 0x00000007c0000000, 0x00000007c0000000)
  eden space 647168K, 80% used [0x0000000795580000,0x00000007b54137d0,0x00000007bcd80000)
  from space 24064K, 90% used [0x00000007be680000,0x00000007bfbc0060,0x00000007bfe00000)
  to   space 25600K, 0% used [0x00000007bcd80000,0x00000007bcd80000,0x00000007be680000)
 ParOldGen       total 160768K, used 20025K [0x0000000740000000, 0x0000000749d00000, 0x0000000795580000)
  object space 160768K, 12% used [0x0000000740000000,0x000000074138e590,0x0000000749d00000)
 Metaspace       used 18078K, capacity 18730K, committed 18944K, reserved 1064960K
  class space    used 2329K, capacity 2522K, committed 2560K, reserved 1048576K
GC Heap History (10 events):
Event: 26.447 GC heap before
{Heap before GC invocations=24 (full 5):
 PSYoungGen      total 638464K, used 627363K [0x0000000795580000, 0x00000007bfe00000, 0x00000007c0000000)
  eden space 612864K, 99% used [0x0000000795580000,0x00000007babe8bc0,0x00000007bac00000)
  from space 25600K, 57% used [0x00000007bac00000,0x00000007bba40040,0x00000007bc500000)
  to   space 25088K, 0% used [0x00000007be580000,0x00000007be580000,0x00000007bfe00000)
 ParOldGen       total 193024K, used 190124K [0x0000000740000000, 0x000000074bc80000, 0x0000000795580000)
  object space 193024K, 98% used [0x0000000740000000,0x000000074b9ab040,0x000000074bc80000)
 Metaspace       used 18046K, capacity 18666K, committed 18944K, reserved 1064960K
  class space    used 2329K, capacity 2522K, committed 2560K, reserved 1048576K
Event: 26.489 GC heap after
Heap after GC invocations=24 (full 5):
 PSYoungGen      total 638464K, used 0K [0x0000000795580000, 0x00000007bfe00000, 0x00000007c0000000)
  eden space 612864K, 0% used [0x0000000795580000,0x0000000795580000,0x00000007bac00000)
  from space 25600K, 0% used [0x00000007bac00000,0x00000007bac00000,0x00000007bc500000)
  to   space 25088K, 0% used [0x00000007be580000,0x00000007be580000,0x00000007bfe00000)
 ParOldGen       total 140800K, used 19108K [0x0000000740000000, 0x0000000748980000, 0x0000000795580000)
  object space 140800K, 13% used [0x0000000740000000,0x00000007412a9020,0x0000000748980000)
 Metaspace       used 18046K, capacity 18666K, committed 18944K, reserved 1064960K
  class space    used 2329K, capacity 2522K, committed 2560K, reserved 1048576K
}
Event: 28.365 GC heap before
{Heap before GC invocations=25 (full 5):
 PSYoungGen      total 638464K, used 610333K [0x0000000795580000, 0x00000007bfe00000, 0x00000007c0000000)
  eden space 612864K, 99% used [0x0000000795580000,0x00000007ba987610,0x00000007bac00000)
  from space 25600K, 0% used [0x00000007bac00000,0x00000007bac00000,0x00000007bc500000)
  to   space 25088K, 0% used [0x00000007be580000,0x00000007be580000,0x00000007bfe00000)
 ParOldGen       total 140800K, used 19108K [0x0000000740000000, 0x0000000748980000, 0x0000000795580000)
  object space 140800K, 13% used [0x0000000740000000,0x00000007412a9020,0x0000000748980000)
 Metaspace       used 18051K, capacity 18730K, committed 18944K, reserved 1064960K
  class space    used 2329K, capacity 2522K, committed 2560K, reserved 1048576K
Event: 28.378 GC heap after
Heap after GC invocations=25 (full 5):
 PSYoungGen      total 671744K, used 18160K [0x0000000795580000, 0x00000007bff80000, 0x00000007c0000000)
  eden space 646656K, 0% used [0x0000000795580000,0x0000000795580000,0x00000007bcd00000)
  from space 25088K, 72% used [0x00000007be580000,0x00000007bf73c050,0x00000007bfe00000)
  to   space 25088K, 0% used [0x00000007bcd00000,0x00000007bcd00000,0x00000007be580000)
 ParOldGen       total 140800K, used 19108K [0x0000000740000000, 0x0000000748980000, 0x0000000795580000)
  object space 140800K, 13% used [0x0000000740000000,0x00000007412a9020,0x0000000748980000)
 Metaspace       used 18051K, capacity 18730K, committed 18944K, reserved 1064960K
  class space    used 2329K, capacity 2522K, committed 2560K, reserved 1048576K
}
Event: 30.522 GC heap before
{Heap before GC invocations=26 (full 5):
 PSYoungGen      total 671744K, used 661848K [0x0000000795580000, 0x00000007bff80000, 0x00000007c0000000)
  eden space 646656K, 99% used [0x0000000795580000,0x00000007bca1a180,0x00000007bcd00000)
  from space 25088K, 72% used [0x00000007be580000,0x00000007bf73c050,0x00000007bfe00000)
  to   space 25088K, 0% used [0x00000007bcd00000,0x00000007bcd00000,0x00000007be580000)
 ParOldGen       total 140800K, used 22708K [0x0000000740000000, 0x0000000748980000, 0x0000000795580000)
  object space 140800K, 16% used [0x0000000740000000,0x000000074162d030,0x0000000748980000)
 Metaspace       used 18067K, capacity 18730K, committed 18944K, reserved 1064960K
  class space    used 2329K, capacity 2522K, committed 2560K, reserved 1048576K
Event: 30.543 GC heap after
Heap after GC invocations=26 (full 5):
 PSYoungGen      total 671744K, used 14560K [0x0000000795580000, 0x00000007bfe00000, 0x00000007c0000000)
  eden space 646656K, 0% used [0x0000000795580000,0x0000000795580000,0x00000007bcd00000)
  from space 25088K, 58% used [0x00000007bcd00000,0x00000007bdb38040,0x00000007be580000)
  to   space 24064K, 0% used [0x00000007be680000,0x00000007be680000,0x00000007bfe00000)
 ParOldGen       total 140800K, used 22716K [0x0000000740000000, 0x0000000748980000, 0x0000000795580000)
  object space 140800K, 16% used [0x0000000740000000,0x000000074162f030,0x0000000748980000)
 Metaspace       used 18067K, capacity 18730K, committed 18944K, reserved 1064960K
  class space    used 2329K, capacity 2522K, committed 2560K, reserved 1048576K
}
Event: 33.378 GC heap before
{Heap before GC invocations=27 (full 6):
 PSYoungGen      total 671744K, used 661021K [0x0000000795580000, 0x00000007bfe00000, 0x00000007c0000000)
  eden space 646656K, 99% used [0x0000000795580000,0x00000007bcccf5d0,0x00000007bcd00000)
  from space 25088K, 58% used [0x00000007bcd00000,0x00000007bdb38040,0x00000007be580000)
  to   space 24064K, 0% used [0x00000007be680000,0x00000007be680000,0x00000007bfe00000)
 ParOldGen       total 184832K, used 183817K [0x0000000740000000, 0x000000074b480000, 0x0000000795580000)
  object space 184832K, 99% used [0x0000000740000000,0x000000074b382420,0x000000074b480000)
 Metaspace       used 18072K, capacity 18730K, committed 18944K, reserved 1064960K
  class space    used 2329K, capacity 2522K, committed 2560K, reserved 1048576K
Event: 33.414 GC heap after
Heap after GC invocations=27 (full 6):
 PSYoungGen      total 671744K, used 0K [0x0000000795580000, 0x00000007bfe00000, 0x00000007c0000000)
  eden space 646656K, 0% used [0x0000000795580000,0x0000000795580000,0x00000007bcd00000)
  from space 25088K, 0% used [0x00000007bcd00000,0x00000007bcd00000,0x00000007be580000)
  to   space 24064K, 0% used [0x00000007be680000,0x00000007be680000,0x00000007bfe00000)
 ParOldGen       total 160768K, used 20017K [0x0000000740000000, 0x0000000749d00000, 0x0000000795580000)
  object space 160768K, 12% used [0x0000000740000000,0x000000074138c590,0x0000000749d00000)
 Metaspace       used 18072K, capacity 18730K, committed 18944K, reserved 1064960K
  class space    used 2329K, capacity 2522K, committed 2560K, reserved 1048576K
}
Event: 35.451 GC heap before
{Heap before GC invocations=28 (full 6):
 PSYoungGen      total 671744K, used 645860K [0x0000000795580000, 0x00000007bfe00000, 0x00000007c0000000)
  eden space 646656K, 99% used [0x0000000795580000,0x00000007bcc393b0,0x00000007bcd00000)
  from space 25088K, 0% used [0x00000007bcd00000,0x00000007bcd00000,0x00000007be580000)
  to   space 24064K, 0% used [0x00000007be680000,0x00000007be680000,0x00000007bfe00000)
 ParOldGen       total 160768K, used 20017K [0x0000000740000000, 0x0000000749d00000, 0x0000000795580000)
  object space 160768K, 12% used [0x0000000740000000,0x000000074138c590,0x0000000749d00000)
 Metaspace       used 18073K, capacity 18730K, committed 18944K, reserved 1064960K
  class space    used 2329K, capacity 2522K, committed 2560K, reserved 1048576K
Event: 35.496 GC heap after
Heap after GC invocations=28 (full 6):
 PSYoungGen      total 671232K, used 21760K [0x0000000795580000, 0x00000007c0000000, 0x00000007c0000000)
  eden space 647168K, 0% used [0x0000000795580000,0x0000000795580000,0x00000007bcd80000)
  from space 24064K, 90% used [0x00000007be680000,0x00000007bfbc0060,0x00000007bfe00000)
  to   space 25600K, 0% used [0x00000007bcd80000,0x00000007bcd80000,0x00000007be680000)
 ParOldGen       total 160768K, used 20025K [0x0000000740000000, 0x0000000749d00000, 0x0000000795580000)
  object space 160768K, 12% used [0x0000000740000000,0x000000074138e590,0x0000000749d00000)
 Metaspace       used 18073K, capacity 18730K, committed 18944K, reserved 1064960K
  class space    used 2329K, capacity 2522K, committed 2560K, reserved 1048576K
}

