# JRE version: Java(TM) SE Runtime Environment (8.0_66-b17) (build 1.8.0_66-b17)
# Java VM: Java HotSpot(TM) 64-Bit Server VM (25.66-b17 mixed mode bsd-amd64 compressed oops)
Heap:
 PSYoungGen      total 459264K, used 125999K [0x0000000795580000, 0x00000007b9700000, 0x00000007c0000000)
  eden space 441856K, 24% used [0x0000000795580000,0x000000079bfa8be8,0x00000007b0500000)
  from space 17408K, 99% used [0x00000007b8600000,0x00000007b96e3050,0x00000007b9700000)
  to   space 28672K, 0% used [0x00000007b5f00000,0x00000007b5f00000,0x00000007b7b00000)
 ParOldGen       total 148992K, used 34290K [0x0000000740000000, 0x0000000749180000, 0x0000000795580000)
  object space 148992K, 23% used [0x0000000740000000,0x000000074217c970,0x0000000749180000)
 Metaspace       used 18909K, capacity 19688K, committed 19712K, reserved 1067008K
  class space    used 2355K, capacity 2547K, committed 2560K, reserved 1048576K
GC Heap History (10 events):
Event: 308.080 GC heap before
{Heap before GC invocations=216 (full 22):
 PSYoungGen      total 558080K, used 557313K [0x0000000795580000, 0x00000007bc880000, 0x00000007c0000000)
  eden space 542208K, 99% used [0x0000000795580000,0x00000007b66a73c8,0x00000007b6700000)
  from space 15872K, 97% used [0x00000007b9f80000,0x00000007bae99050,0x00000007baf00000)
  to   space 26112K, 0% used [0x00000007baf00000,0x00000007baf00000,0x00000007bc880000)
 ParOldGen       total 148992K, used 30690K [0x0000000740000000, 0x0000000749180000, 0x0000000795580000)
  object space 148992K, 20% used [0x0000000740000000,0x0000000741df8960,0x0000000749180000)
 Metaspace       used 18873K, capacity 19626K, committed 19712K, reserved 1067008K
  class space    used 2345K, capacity 2534K, committed 2560K, reserved 1048576K
Event: 308.086 GC heap after
Heap after GC invocations=216 (full 22):
 PSYoungGen      total 531456K, used 10960K [0x0000000795580000, 0x00000007bba00000, 0x00000007c0000000)
  eden space 520192K, 0% used [0x0000000795580000,0x0000000795580000,0x00000007b5180000)
  from space 11264K, 97% used [0x00000007baf00000,0x00000007bb9b4030,0x00000007bba00000)
  to   space 27136K, 0% used [0x00000007b8500000,0x00000007b8500000,0x00000007b9f80000)
 ParOldGen       total 148992K, used 30690K [0x0000000740000000, 0x0000000749180000, 0x0000000795580000)
  object space 148992K, 20% used [0x0000000740000000,0x0000000741df8960,0x0000000749180000)
 Metaspace       used 18873K, capacity 19626K, committed 19712K, reserved 1067008K
  class space    used 2345K, capacity 2534K, committed 2560K, reserved 1048576K
}
Event: 309.415 GC heap before
{Heap before GC invocations=217 (full 22):
 PSYoungGen      total 531456K, used 528100K [0x0000000795580000, 0x00000007bba00000, 0x00000007c0000000)
  eden space 520192K, 99% used [0x0000000795580000,0x00000007b4e85348,0x00000007b5180000)
  from space 11264K, 97% used [0x00000007baf00000,0x00000007bb9b4030,0x00000007bba00000)
  to   space 27136K, 0% used [0x00000007b8500000,0x00000007b8500000,0x00000007b9f80000)
 ParOldGen       total 148992K, used 30690K [0x0000000740000000, 0x0000000749180000, 0x0000000795580000)
  object space 148992K, 20% used [0x0000000740000000,0x0000000741df8960,0x0000000749180000)
 Metaspace       used 18873K, capacity 19626K, committed 19712K, reserved 1067008K
  class space    used 2345K, capacity 2534K, committed 2560K, reserved 1048576K
Event: 309.421 GC heap after
Heap after GC invocations=217 (full 22):
 PSYoungGen      total 524800K, used 25360K [0x0000000795580000, 0x00000007baf80000, 0x00000007c0000000)
  eden space 499200K, 0% used [0x0000000795580000,0x0000000795580000,0x00000007b3d00000)
  from space 25600K, 99% used [0x00000007b8500000,0x00000007b9dc4070,0x00000007b9e00000)
  to   space 17920K, 0% used [0x00000007b9e00000,0x00000007b9e00000,0x00000007baf80000)
 ParOldGen       total 148992K, used 34290K [0x0000000740000000, 0x0000000749180000, 0x0000000795580000)
  object space 148992K, 23% used [0x0000000740000000,0x000000074217c970,0x0000000749180000)
 Metaspace       used 18873K, capacity 19626K, committed 19712K, reserved 1067008K
  class space    used 2345K, capacity 2534K, committed 2560K, reserved 1048576K
}
Event: 310.817 GC heap before
{Heap before GC invocations=218 (full 22):
 PSYoungGen      total 524800K, used 522704K [0x0000000795580000, 0x00000007baf80000, 0x00000007c0000000)
  eden space 499200K, 99% used [0x0000000795580000,0x00000007b3b30370,0x00000007b3d00000)
  from space 25600K, 99% used [0x00000007b8500000,0x00000007b9dc4070,0x00000007b9e00000)
  to   space 17920K, 0% used [0x00000007b9e00000,0x00000007b9e00000,0x00000007baf80000)
 ParOldGen       total 148992K, used 34290K [0x0000000740000000, 0x0000000749180000, 0x0000000795580000)
  object space 148992K, 23% used [0x0000000740000000,0x000000074217c970,0x0000000749180000)
 Metaspace       used 18873K, capacity 19626K, committed 19712K, reserved 1067008K
  class space    used 2345K, capacity 2534K, committed 2560K, reserved 1048576K
Event: 310.820 GC heap after
Heap after GC invocations=218 (full 22):
 PSYoungGen      total 492032K, used 12760K [0x0000000795580000, 0x00000007baa80000, 0x00000007c0000000)
  eden space 479232K, 0% used [0x0000000795580000,0x0000000795580000,0x00000007b2980000)
  from space 12800K, 99% used [0x00000007b9e00000,0x00000007baa76050,0x00000007baa80000)
  to   space 29184K, 0% used [0x00000007b7180000,0x00000007b7180000,0x00000007b8e00000)
 ParOldGen       total 148992K, used 34290K [0x0000000740000000, 0x0000000749180000, 0x0000000795580000)
  object space 148992K, 23% used [0x0000000740000000,0x000000074217c970,0x0000000749180000)
 Metaspace       used 18873K, capacity 19626K, committed 19712K, reserved 1067008K
  class space    used 2345K, capacity 2534K, committed 2560K, reserved 1048576K
}
Event: 312.081 GC heap before
{Heap before GC invocations=219 (full 22):
 PSYoungGen      total 492032K, used 491286K [0x0000000795580000, 0x00000007baa80000, 0x00000007c0000000)
  eden space 479232K, 99% used [0x0000000795580000,0x00000007b28cfa48,0x00000007b2980000)
  from space 12800K, 99% used [0x00000007b9e00000,0x00000007baa76050,0x00000007baa80000)
  to   space 29184K, 0% used [0x00000007b7180000,0x00000007b7180000,0x00000007b8e00000)
 ParOldGen       total 148992K, used 34290K [0x0000000740000000, 0x0000000749180000, 0x0000000795580000)
  object space 148992K, 23% used [0x0000000740000000,0x000000074217c970,0x0000000749180000)
 Metaspace       used 18873K, capacity 19626K, committed 19712K, reserved 1067008K
  class space    used 2345K, capacity 2534K, committed 2560K, reserved 1048576K
Event: 312.085 GC heap after
Heap after GC invocations=219 (full 22):
 PSYoungGen      total 481280K, used 20860K [0x0000000795580000, 0x00000007b9e80000, 0x00000007c0000000)
  eden space 460288K, 0% used [0x0000000795580000,0x0000000795580000,0x00000007b1700000)
  from space 20992K, 99% used [0x00000007b7180000,0x00000007b85df060,0x00000007b8600000)
  to   space 25088K, 0% used [0x00000007b8600000,0x00000007b8600000,0x00000007b9e80000)
 ParOldGen       total 148992K, used 34290K [0x0000000740000000, 0x0000000749180000, 0x0000000795580000)
  object space 148992K, 23% used [0x0000000740000000,0x000000074217c970,0x0000000749180000)
 Metaspace       used 18873K, capacity 19626K, committed 19712K, reserved 1067008K
  class space    used 2345K, capacity 2534K, committed 2560K, reserved 1048576K
}
Event: 313.331 GC heap before
{Heap before GC invocations=220 (full 22):
 PSYoungGen      total 481280K, used 481039K [0x0000000795580000, 0x00000007b9e80000, 0x00000007c0000000)
  eden space 460288K, 99% used [0x0000000795580000,0x00000007b16e4c60,0x00000007b1700000)
  from space 20992K, 99% used [0x00000007b7180000,0x00000007b85df060,0x00000007b8600000)
  to   space 25088K, 0% used [0x00000007b8600000,0x00000007b8600000,0x00000007b9e80000)
 ParOldGen       total 148992K, used 34290K [0x0000000740000000, 0x0000000749180000, 0x0000000795580000)
  object space 148992K, 23% used [0x0000000740000000,0x000000074217c970,0x0000000749180000)
 Metaspace       used 18878K, capacity 19632K, committed 19712K, reserved 1067008K
  class space    used 2347K, capacity 2535K, committed 2560K, reserved 1048576K
Event: 313.334 GC heap after
Heap after GC invocations=220 (full 22):
 PSYoungGen      total 459264K, used 17292K [0x0000000795580000, 0x00000007b9700000, 0x00000007c0000000)
  eden space 441856K, 0% used [0x0000000795580000,0x0000000795580000,0x00000007b0500000)
  from space 17408K, 99% used [0x00000007b8600000,0x00000007b96e3050,0x00000007b9700000)
  to   space 28672K, 0% used [0x00000007b5f00000,0x00000007b5f00000,0x00000007b7b00000)
 ParOldGen       total 148992K, used 34290K [0x0000000740000000, 0x0000000749180000, 0x0000000795580000)
  object space 148992K, 23% used [0x0000000740000000,0x000000074217c970,0x0000000749180000)
 Metaspace       used 18878K, capacity 19632K, committed 19712K, reserved 1067008K
  class space    used 2347K, capacity 2535K, committed 2560K, reserved 1048576K
}

